  [1m[35m (34.1ms)[0m  [1m[34mSELECT sqlite_version(*)[0m
  [1m[35m (47.5ms)[0m  [1m[35mCREATE TABLE "schema_migrations" ("version" varchar NOT NULL PRIMARY KEY)[0m
  [1m[35m (33.3ms)[0m  [1m[35mCREATE TABLE "ar_internal_metadata" ("key" varchar NOT NULL PRIMARY KEY, "value" varchar, "created_at" datetime(6) NOT NULL, "updated_at" datetime(6) NOT NULL)[0m
  [1m[35m (0.2ms)[0m  [1m[34mSELECT "schema_migrations"."version" FROM "schema_migrations" ORDER BY "schema_migrations"."version" ASC[0m
Migrating to CreateUsers (20201222195210)
  [1m[36mTRANSACTION (0.3ms)[0m  [1m[36mbegin transaction[0m
  [1m[35m (14.7ms)[0m  [1m[35mCREATE TABLE "users" ("id" integer PRIMARY KEY AUTOINCREMENT NOT NULL, "created_at" datetime(6) NOT NULL, "updated_at" datetime(6) NOT NULL)[0m
  [1m[36mActiveRecord::SchemaMigration Create (2.9ms)[0m  [1m[32mINSERT INTO "schema_migrations" ("version") VALUES (?)[0m  [["version", "20201222195210"]]
  [1m[36mTRANSACTION (29.5ms)[0m  [1m[36mcommit transaction[0m
  [1m[36mActiveRecord::InternalMetadata Load (0.2ms)[0m  [1m[34mSELECT "ar_internal_metadata".* FROM "ar_internal_metadata" WHERE "ar_internal_metadata"."key" = ? LIMIT ?[0m  [["key", "environment"], ["LIMIT", 1]]
  [1m[36mTRANSACTION (0.1ms)[0m  [1m[36mbegin transaction[0m
  [1m[36mActiveRecord::InternalMetadata Create (3.6ms)[0m  [1m[32mINSERT INTO "ar_internal_metadata" ("key", "value", "created_at", "updated_at") VALUES (?, ?, ?, ?)[0m  [["key", "environment"], ["value", "development"], ["created_at", "2020-12-22 19:55:45.190384"], ["updated_at", "2020-12-22 19:55:45.190384"]]
  [1m[36mTRANSACTION (28.9ms)[0m  [1m[36mcommit transaction[0m
  [1m[35m (0.1ms)[0m  [1m[34mSELECT sqlite_version(*)[0m
  [1m[35m (0.2ms)[0m  [1m[34mSELECT "schema_migrations"."version" FROM "schema_migrations" ORDER BY "schema_migrations"."version" ASC[0m
Started GET "/" for ::1 at 2020-12-22 15:19:27 -0500
  [1m[35m (0.5ms)[0m  [1m[34mSELECT sqlite_version(*)[0m
  [1m[35m (0.1ms)[0m  [1m[34mSELECT "schema_migrations"."version" FROM "schema_migrations" ORDER BY "schema_migrations"."version" ASC[0m
Processing by Rails::WelcomeController#index as HTML
  Rendering /home/carlos/.rbenv/versions/2.7.0/lib/ruby/gems/2.7.0/gems/railties-6.1.0/lib/rails/templates/rails/welcome/index.html.erb
  Rendered /home/carlos/.rbenv/versions/2.7.0/lib/ruby/gems/2.7.0/gems/railties-6.1.0/lib/rails/templates/rails/welcome/index.html.erb (Duration: 184.7ms | Allocations: 450)
Completed 200 OK in 326ms (Views: 244.7ms | ActiveRecord: 0.0ms | Allocations: 3661)


Started GET "/" for ::1 at 2020-12-22 15:43:34 -0500
  [1m[35m (1.5ms)[0m  [1m[34mSELECT sqlite_version(*)[0m
  [1m[35m (0.5ms)[0m  [1m[34mSELECT "schema_migrations"."version" FROM "schema_migrations" ORDER BY "schema_migrations"."version" ASC[0m
Processing by Rails::WelcomeController#index as HTML
  Rendering /home/carlos/.rbenv/versions/2.7.0/lib/ruby/gems/2.7.0/gems/railties-6.1.0/lib/rails/templates/rails/welcome/index.html.erb
  Rendered /home/carlos/.rbenv/versions/2.7.0/lib/ruby/gems/2.7.0/gems/railties-6.1.0/lib/rails/templates/rails/welcome/index.html.erb (Duration: 88.6ms | Allocations: 338)
Completed 200 OK in 167ms (Views: 109.1ms | ActiveRecord: 0.0ms | Allocations: 2472)


Started GET "/users" for ::1 at 2020-12-22 15:44:05 -0500
  
ActionController::RoutingError (No route matches [GET] "/users"):
  
Started GET "/users/new.html.erb" for ::1 at 2020-12-22 15:44:44 -0500
  
ActionController::RoutingError (No route matches [GET] "/users/new.html.erb"):
  
Started GET "/new.html.erb" for ::1 at 2020-12-22 15:45:06 -0500
  
ActionController::RoutingError (No route matches [GET] "/new.html.erb"):
  
Started GET "/users" for ::1 at 2020-12-22 15:48:18 -0500
  
ActionController::RoutingError (No route matches [GET] "/users"):
  
Started GET "/" for ::1 at 2020-12-23 02:45:26 +0530
  [1m[35m (11.1ms)[0m  [1m[34mSELECT sqlite_version(*)[0m
  [1m[35m (0.6ms)[0m  [1m[34mSELECT "schema_migrations"."version" FROM "schema_migrations" ORDER BY "schema_migrations"."version" ASC[0m
Processing by Rails::WelcomeController#index as HTML
  Rendering /var/lib/gems/2.7.0/gems/railties-6.1.0/lib/rails/templates/rails/welcome/index.html.erb
  Rendered /var/lib/gems/2.7.0/gems/railties-6.1.0/lib/rails/templates/rails/welcome/index.html.erb (Duration: 77.5ms | Allocations: 445)
Completed 200 OK in 157ms (Views: 106.5ms | ActiveRecord: 0.0ms | Allocations: 3653)


Started GET "/users/new" for ::1 at 2020-12-23 02:45:30 +0530
Processing by UsersController#new as HTML
  Rendering layout layouts/application.html.erb
  Rendering users/new.html.erb within layouts/application
  Rendered users/new.html.erb within layouts/application (Duration: 25.3ms | Allocations: 185)
[Webpacker] Compiling...
[Webpacker] Compiled all packs in /home/imran/Re-former/public/packs
[Webpacker] Hash: 415a948d492e21802f43
Version: webpack 4.44.2
Time: 9544ms
Built at: 23/12/2020 2:45:50 am
                                     Asset       Size       Chunks                         Chunk Names
    js/application-d5a3c3b4dce84b5eb605.js    125 KiB  application  [emitted] [immutable]  application
js/application-d5a3c3b4dce84b5eb605.js.map    139 KiB  application  [emitted] [dev]        application
                             manifest.json  364 bytes               [emitted]              
Entrypoint application = js/application-d5a3c3b4dce84b5eb605.js js/application-d5a3c3b4dce84b5eb605.js.map
[./app/javascript/channels sync recursive _channel\.js$] ./app/javascript/channels sync _channel\.js$ 160 bytes {application} [built]
[./app/javascript/channels/index.js] 211 bytes {application} [built]
[./app/javascript/packs/application.js] 492 bytes {application} [built]
[./node_modules/webpack/buildin/module.js] (webpack)/buildin/module.js 552 bytes {application} [built]
    + 3 hidden modules

  Rendered layout layouts/application.html.erb (Duration: 20906.8ms | Allocations: 15588)
Completed 200 OK in 20929ms (Views: 20927.4ms | ActiveRecord: 0.0ms | Allocations: 16591)


Started POST "/users" for ::1 at 2020-12-23 02:49:59 +0530
  [1m[35m (0.9ms)[0m  [1m[34mSELECT sqlite_version(*)[0m
  [1m[35m (0.4ms)[0m  [1m[34mSELECT "schema_migrations"."version" FROM "schema_migrations" ORDER BY "schema_migrations"."version" ASC[0m
  
AbstractController::ActionNotFound (The action 'create' could not be found for UsersController
Did you mean?  Create
               New):
  
actionpack (6.1.0) lib/abstract_controller/base.rb:160:in `process'
actionview (6.1.0) lib/action_view/rendering.rb:39:in `process'
actionpack (6.1.0) lib/action_controller/metal.rb:190:in `dispatch'
actionpack (6.1.0) lib/action_controller/metal.rb:254:in `dispatch'
actionpack (6.1.0) lib/action_dispatch/routing/route_set.rb:50:in `dispatch'
actionpack (6.1.0) lib/action_dispatch/routing/route_set.rb:33:in `serve'
actionpack (6.1.0) lib/action_dispatch/journey/router.rb:50:in `block in serve'
actionpack (6.1.0) lib/action_dispatch/journey/router.rb:32:in `each'
actionpack (6.1.0) lib/action_dispatch/journey/router.rb:32:in `serve'
actionpack (6.1.0) lib/action_dispatch/routing/route_set.rb:842:in `call'
rack (2.2.3) lib/rack/tempfile_reaper.rb:15:in `call'
rack (2.2.3) lib/rack/etag.rb:27:in `call'
rack (2.2.3) lib/rack/conditional_get.rb:40:in `call'
rack (2.2.3) lib/rack/head.rb:12:in `call'
actionpack (6.1.0) lib/action_dispatch/http/permissions_policy.rb:22:in `call'
actionpack (6.1.0) lib/action_dispatch/http/content_security_policy.rb:18:in `call'
rack (2.2.3) lib/rack/session/abstract/id.rb:266:in `context'
rack (2.2.3) lib/rack/session/abstract/id.rb:260:in `call'
actionpack (6.1.0) lib/action_dispatch/middleware/cookies.rb:689:in `call'
activerecord (6.1.0) lib/active_record/migration.rb:601:in `call'
actionpack (6.1.0) lib/action_dispatch/middleware/callbacks.rb:27:in `block in call'
activesupport (6.1.0) lib/active_support/callbacks.rb:98:in `run_callbacks'
actionpack (6.1.0) lib/action_dispatch/middleware/callbacks.rb:26:in `call'
actionpack (6.1.0) lib/action_dispatch/middleware/executor.rb:14:in `call'
actionpack (6.1.0) lib/action_dispatch/middleware/actionable_exceptions.rb:18:in `call'
actionpack (6.1.0) lib/action_dispatch/middleware/debug_exceptions.rb:29:in `call'
web-console (4.1.0) lib/web_console/middleware.rb:132:in `call_app'
web-console (4.1.0) lib/web_console/middleware.rb:28:in `block in call'
web-console (4.1.0) lib/web_console/middleware.rb:17:in `catch'
web-console (4.1.0) lib/web_console/middleware.rb:17:in `call'
actionpack (6.1.0) lib/action_dispatch/middleware/show_exceptions.rb:33:in `call'
railties (6.1.0) lib/rails/rack/logger.rb:37:in `call_app'
railties (6.1.0) lib/rails/rack/logger.rb:26:in `block in call'
activesupport (6.1.0) lib/active_support/tagged_logging.rb:99:in `block in tagged'
activesupport (6.1.0) lib/active_support/tagged_logging.rb:37:in `tagged'
activesupport (6.1.0) lib/active_support/tagged_logging.rb:99:in `tagged'
railties (6.1.0) lib/rails/rack/logger.rb:26:in `call'
sprockets-rails (3.2.2) lib/sprockets/rails/quiet_assets.rb:13:in `call'
actionpack (6.1.0) lib/action_dispatch/middleware/remote_ip.rb:81:in `call'
actionpack (6.1.0) lib/action_dispatch/middleware/request_id.rb:26:in `call'
rack (2.2.3) lib/rack/method_override.rb:24:in `call'
rack (2.2.3) lib/rack/runtime.rb:22:in `call'
activesupport (6.1.0) lib/active_support/cache/strategy/local_cache_middleware.rb:29:in `call'
actionpack (6.1.0) lib/action_dispatch/middleware/executor.rb:14:in `call'
actionpack (6.1.0) lib/action_dispatch/middleware/static.rb:24:in `call'
rack (2.2.3) lib/rack/sendfile.rb:110:in `call'
actionpack (6.1.0) lib/action_dispatch/middleware/host_authorization.rb:98:in `call'
rack-mini-profiler (2.2.0) lib/mini_profiler/profiler.rb:368:in `call'
webpacker (5.2.1) lib/webpacker/dev_server_proxy.rb:25:in `perform_request'
rack-proxy (0.6.5) lib/rack/proxy.rb:57:in `call'
railties (6.1.0) lib/rails/engine.rb:539:in `call'
puma (5.1.1) lib/puma/configuration.rb:246:in `call'
puma (5.1.1) lib/puma/request.rb:76:in `block in handle_request'
puma (5.1.1) lib/puma/thread_pool.rb:337:in `with_force_shutdown'
puma (5.1.1) lib/puma/request.rb:75:in `handle_request'
puma (5.1.1) lib/puma/server.rb:431:in `process_client'
puma (5.1.1) lib/puma/thread_pool.rb:145:in `block in spawn_thread'
Started GET "/users/new" for ::1 at 2020-12-23 02:51:39 +0530
Processing by UsersController#new as HTML
  Rendering layout layouts/application.html.erb
  Rendering users/new.html.erb within layouts/application
  Rendered users/new.html.erb within layouts/application (Duration: 0.9ms | Allocations: 145)
[Webpacker] Everything's up-to-date. Nothing to do
  Rendered layout layouts/application.html.erb (Duration: 33.0ms | Allocations: 5064)
Completed 200 OK in 80ms (Views: 36.7ms | ActiveRecord: 0.0ms | Allocations: 11617)


Started POST "/users" for ::1 at 2020-12-23 02:51:50 +0530
  
AbstractController::ActionNotFound (The action 'create' could not be found for UsersController
Did you mean?  Create
               New):
  
actionpack (6.1.0) lib/abstract_controller/base.rb:160:in `process'
actionview (6.1.0) lib/action_view/rendering.rb:39:in `process'
actionpack (6.1.0) lib/action_controller/metal.rb:190:in `dispatch'
actionpack (6.1.0) lib/action_controller/metal.rb:254:in `dispatch'
actionpack (6.1.0) lib/action_dispatch/routing/route_set.rb:50:in `dispatch'
actionpack (6.1.0) lib/action_dispatch/routing/route_set.rb:33:in `serve'
actionpack (6.1.0) lib/action_dispatch/journey/router.rb:50:in `block in serve'
actionpack (6.1.0) lib/action_dispatch/journey/router.rb:32:in `each'
actionpack (6.1.0) lib/action_dispatch/journey/router.rb:32:in `serve'
actionpack (6.1.0) lib/action_dispatch/routing/route_set.rb:842:in `call'
rack (2.2.3) lib/rack/tempfile_reaper.rb:15:in `call'
rack (2.2.3) lib/rack/etag.rb:27:in `call'
rack (2.2.3) lib/rack/conditional_get.rb:40:in `call'
rack (2.2.3) lib/rack/head.rb:12:in `call'
actionpack (6.1.0) lib/action_dispatch/http/permissions_policy.rb:22:in `call'
actionpack (6.1.0) lib/action_dispatch/http/content_security_policy.rb:18:in `call'
rack (2.2.3) lib/rack/session/abstract/id.rb:266:in `context'
rack (2.2.3) lib/rack/session/abstract/id.rb:260:in `call'
actionpack (6.1.0) lib/action_dispatch/middleware/cookies.rb:689:in `call'
activerecord (6.1.0) lib/active_record/migration.rb:601:in `call'
actionpack (6.1.0) lib/action_dispatch/middleware/callbacks.rb:27:in `block in call'
activesupport (6.1.0) lib/active_support/callbacks.rb:98:in `run_callbacks'
actionpack (6.1.0) lib/action_dispatch/middleware/callbacks.rb:26:in `call'
actionpack (6.1.0) lib/action_dispatch/middleware/executor.rb:14:in `call'
actionpack (6.1.0) lib/action_dispatch/middleware/actionable_exceptions.rb:18:in `call'
actionpack (6.1.0) lib/action_dispatch/middleware/debug_exceptions.rb:29:in `call'
web-console (4.1.0) lib/web_console/middleware.rb:132:in `call_app'
web-console (4.1.0) lib/web_console/middleware.rb:28:in `block in call'
web-console (4.1.0) lib/web_console/middleware.rb:17:in `catch'
web-console (4.1.0) lib/web_console/middleware.rb:17:in `call'
actionpack (6.1.0) lib/action_dispatch/middleware/show_exceptions.rb:33:in `call'
railties (6.1.0) lib/rails/rack/logger.rb:37:in `call_app'
railties (6.1.0) lib/rails/rack/logger.rb:26:in `block in call'
activesupport (6.1.0) lib/active_support/tagged_logging.rb:99:in `block in tagged'
activesupport (6.1.0) lib/active_support/tagged_logging.rb:37:in `tagged'
activesupport (6.1.0) lib/active_support/tagged_logging.rb:99:in `tagged'
railties (6.1.0) lib/rails/rack/logger.rb:26:in `call'
sprockets-rails (3.2.2) lib/sprockets/rails/quiet_assets.rb:13:in `call'
actionpack (6.1.0) lib/action_dispatch/middleware/remote_ip.rb:81:in `call'
actionpack (6.1.0) lib/action_dispatch/middleware/request_id.rb:26:in `call'
rack (2.2.3) lib/rack/method_override.rb:24:in `call'
rack (2.2.3) lib/rack/runtime.rb:22:in `call'
activesupport (6.1.0) lib/active_support/cache/strategy/local_cache_middleware.rb:29:in `call'
actionpack (6.1.0) lib/action_dispatch/middleware/executor.rb:14:in `call'
actionpack (6.1.0) lib/action_dispatch/middleware/static.rb:24:in `call'
rack (2.2.3) lib/rack/sendfile.rb:110:in `call'
actionpack (6.1.0) lib/action_dispatch/middleware/host_authorization.rb:98:in `call'
rack-mini-profiler (2.2.0) lib/mini_profiler/profiler.rb:368:in `call'
webpacker (5.2.1) lib/webpacker/dev_server_proxy.rb:25:in `perform_request'
rack-proxy (0.6.5) lib/rack/proxy.rb:57:in `call'
railties (6.1.0) lib/rails/engine.rb:539:in `call'
puma (5.1.1) lib/puma/configuration.rb:246:in `call'
puma (5.1.1) lib/puma/request.rb:76:in `block in handle_request'
puma (5.1.1) lib/puma/thread_pool.rb:337:in `with_force_shutdown'
puma (5.1.1) lib/puma/request.rb:75:in `handle_request'
puma (5.1.1) lib/puma/server.rb:431:in `process_client'
puma (5.1.1) lib/puma/thread_pool.rb:145:in `block in spawn_thread'
Started POST "/users" for ::1 at 2020-12-23 02:52:11 +0530
  
AbstractController::ActionNotFound (The action 'create' could not be found for UsersController
Did you mean?  Create
               New):
  
actionpack (6.1.0) lib/abstract_controller/base.rb:160:in `process'
actionview (6.1.0) lib/action_view/rendering.rb:39:in `process'
actionpack (6.1.0) lib/action_controller/metal.rb:190:in `dispatch'
actionpack (6.1.0) lib/action_controller/metal.rb:254:in `dispatch'
actionpack (6.1.0) lib/action_dispatch/routing/route_set.rb:50:in `dispatch'
actionpack (6.1.0) lib/action_dispatch/routing/route_set.rb:33:in `serve'
actionpack (6.1.0) lib/action_dispatch/journey/router.rb:50:in `block in serve'
actionpack (6.1.0) lib/action_dispatch/journey/router.rb:32:in `each'
actionpack (6.1.0) lib/action_dispatch/journey/router.rb:32:in `serve'
actionpack (6.1.0) lib/action_dispatch/routing/route_set.rb:842:in `call'
rack (2.2.3) lib/rack/tempfile_reaper.rb:15:in `call'
rack (2.2.3) lib/rack/etag.rb:27:in `call'
rack (2.2.3) lib/rack/conditional_get.rb:40:in `call'
rack (2.2.3) lib/rack/head.rb:12:in `call'
actionpack (6.1.0) lib/action_dispatch/http/permissions_policy.rb:22:in `call'
actionpack (6.1.0) lib/action_dispatch/http/content_security_policy.rb:18:in `call'
rack (2.2.3) lib/rack/session/abstract/id.rb:266:in `context'
rack (2.2.3) lib/rack/session/abstract/id.rb:260:in `call'
actionpack (6.1.0) lib/action_dispatch/middleware/cookies.rb:689:in `call'
activerecord (6.1.0) lib/active_record/migration.rb:601:in `call'
actionpack (6.1.0) lib/action_dispatch/middleware/callbacks.rb:27:in `block in call'
activesupport (6.1.0) lib/active_support/callbacks.rb:98:in `run_callbacks'
actionpack (6.1.0) lib/action_dispatch/middleware/callbacks.rb:26:in `call'
actionpack (6.1.0) lib/action_dispatch/middleware/executor.rb:14:in `call'
actionpack (6.1.0) lib/action_dispatch/middleware/actionable_exceptions.rb:18:in `call'
actionpack (6.1.0) lib/action_dispatch/middleware/debug_exceptions.rb:29:in `call'
web-console (4.1.0) lib/web_console/middleware.rb:132:in `call_app'
web-console (4.1.0) lib/web_console/middleware.rb:28:in `block in call'
web-console (4.1.0) lib/web_console/middleware.rb:17:in `catch'
web-console (4.1.0) lib/web_console/middleware.rb:17:in `call'
actionpack (6.1.0) lib/action_dispatch/middleware/show_exceptions.rb:33:in `call'
railties (6.1.0) lib/rails/rack/logger.rb:37:in `call_app'
railties (6.1.0) lib/rails/rack/logger.rb:26:in `block in call'
activesupport (6.1.0) lib/active_support/tagged_logging.rb:99:in `block in tagged'
activesupport (6.1.0) lib/active_support/tagged_logging.rb:37:in `tagged'
activesupport (6.1.0) lib/active_support/tagged_logging.rb:99:in `tagged'
railties (6.1.0) lib/rails/rack/logger.rb:26:in `call'
sprockets-rails (3.2.2) lib/sprockets/rails/quiet_assets.rb:13:in `call'
actionpack (6.1.0) lib/action_dispatch/middleware/remote_ip.rb:81:in `call'
actionpack (6.1.0) lib/action_dispatch/middleware/request_id.rb:26:in `call'
rack (2.2.3) lib/rack/method_override.rb:24:in `call'
rack (2.2.3) lib/rack/runtime.rb:22:in `call'
activesupport (6.1.0) lib/active_support/cache/strategy/local_cache_middleware.rb:29:in `call'
actionpack (6.1.0) lib/action_dispatch/middleware/executor.rb:14:in `call'
actionpack (6.1.0) lib/action_dispatch/middleware/static.rb:24:in `call'
rack (2.2.3) lib/rack/sendfile.rb:110:in `call'
actionpack (6.1.0) lib/action_dispatch/middleware/host_authorization.rb:98:in `call'
rack-mini-profiler (2.2.0) lib/mini_profiler/profiler.rb:368:in `call'
webpacker (5.2.1) lib/webpacker/dev_server_proxy.rb:25:in `perform_request'
rack-proxy (0.6.5) lib/rack/proxy.rb:57:in `call'
railties (6.1.0) lib/rails/engine.rb:539:in `call'
puma (5.1.1) lib/puma/configuration.rb:246:in `call'
puma (5.1.1) lib/puma/request.rb:76:in `block in handle_request'
puma (5.1.1) lib/puma/thread_pool.rb:337:in `with_force_shutdown'
puma (5.1.1) lib/puma/request.rb:75:in `handle_request'
puma (5.1.1) lib/puma/server.rb:431:in `process_client'
puma (5.1.1) lib/puma/thread_pool.rb:145:in `block in spawn_thread'
Started POST "/users" for ::1 at 2020-12-23 02:53:32 +0530
  
AbstractController::ActionNotFound (The action 'create' could not be found for UsersController
Did you mean?  Create
               New):
  
actionpack (6.1.0) lib/abstract_controller/base.rb:160:in `process'
actionview (6.1.0) lib/action_view/rendering.rb:39:in `process'
actionpack (6.1.0) lib/action_controller/metal.rb:190:in `dispatch'
actionpack (6.1.0) lib/action_controller/metal.rb:254:in `dispatch'
actionpack (6.1.0) lib/action_dispatch/routing/route_set.rb:50:in `dispatch'
actionpack (6.1.0) lib/action_dispatch/routing/route_set.rb:33:in `serve'
actionpack (6.1.0) lib/action_dispatch/journey/router.rb:50:in `block in serve'
actionpack (6.1.0) lib/action_dispatch/journey/router.rb:32:in `each'
actionpack (6.1.0) lib/action_dispatch/journey/router.rb:32:in `serve'
actionpack (6.1.0) lib/action_dispatch/routing/route_set.rb:842:in `call'
rack (2.2.3) lib/rack/tempfile_reaper.rb:15:in `call'
rack (2.2.3) lib/rack/etag.rb:27:in `call'
rack (2.2.3) lib/rack/conditional_get.rb:40:in `call'
rack (2.2.3) lib/rack/head.rb:12:in `call'
actionpack (6.1.0) lib/action_dispatch/http/permissions_policy.rb:22:in `call'
actionpack (6.1.0) lib/action_dispatch/http/content_security_policy.rb:18:in `call'
rack (2.2.3) lib/rack/session/abstract/id.rb:266:in `context'
rack (2.2.3) lib/rack/session/abstract/id.rb:260:in `call'
actionpack (6.1.0) lib/action_dispatch/middleware/cookies.rb:689:in `call'
activerecord (6.1.0) lib/active_record/migration.rb:601:in `call'
actionpack (6.1.0) lib/action_dispatch/middleware/callbacks.rb:27:in `block in call'
activesupport (6.1.0) lib/active_support/callbacks.rb:98:in `run_callbacks'
actionpack (6.1.0) lib/action_dispatch/middleware/callbacks.rb:26:in `call'
actionpack (6.1.0) lib/action_dispatch/middleware/executor.rb:14:in `call'
actionpack (6.1.0) lib/action_dispatch/middleware/actionable_exceptions.rb:18:in `call'
actionpack (6.1.0) lib/action_dispatch/middleware/debug_exceptions.rb:29:in `call'
web-console (4.1.0) lib/web_console/middleware.rb:132:in `call_app'
web-console (4.1.0) lib/web_console/middleware.rb:28:in `block in call'
web-console (4.1.0) lib/web_console/middleware.rb:17:in `catch'
web-console (4.1.0) lib/web_console/middleware.rb:17:in `call'
actionpack (6.1.0) lib/action_dispatch/middleware/show_exceptions.rb:33:in `call'
railties (6.1.0) lib/rails/rack/logger.rb:37:in `call_app'
railties (6.1.0) lib/rails/rack/logger.rb:26:in `block in call'
activesupport (6.1.0) lib/active_support/tagged_logging.rb:99:in `block in tagged'
activesupport (6.1.0) lib/active_support/tagged_logging.rb:37:in `tagged'
activesupport (6.1.0) lib/active_support/tagged_logging.rb:99:in `tagged'
railties (6.1.0) lib/rails/rack/logger.rb:26:in `call'
sprockets-rails (3.2.2) lib/sprockets/rails/quiet_assets.rb:13:in `call'
actionpack (6.1.0) lib/action_dispatch/middleware/remote_ip.rb:81:in `call'
actionpack (6.1.0) lib/action_dispatch/middleware/request_id.rb:26:in `call'
rack (2.2.3) lib/rack/method_override.rb:24:in `call'
rack (2.2.3) lib/rack/runtime.rb:22:in `call'
activesupport (6.1.0) lib/active_support/cache/strategy/local_cache_middleware.rb:29:in `call'
actionpack (6.1.0) lib/action_dispatch/middleware/executor.rb:14:in `call'
actionpack (6.1.0) lib/action_dispatch/middleware/static.rb:24:in `call'
rack (2.2.3) lib/rack/sendfile.rb:110:in `call'
actionpack (6.1.0) lib/action_dispatch/middleware/host_authorization.rb:98:in `call'
rack-mini-profiler (2.2.0) lib/mini_profiler/profiler.rb:368:in `call'
webpacker (5.2.1) lib/webpacker/dev_server_proxy.rb:25:in `perform_request'
rack-proxy (0.6.5) lib/rack/proxy.rb:57:in `call'
railties (6.1.0) lib/rails/engine.rb:539:in `call'
puma (5.1.1) lib/puma/configuration.rb:246:in `call'
puma (5.1.1) lib/puma/request.rb:76:in `block in handle_request'
puma (5.1.1) lib/puma/thread_pool.rb:337:in `with_force_shutdown'
puma (5.1.1) lib/puma/request.rb:75:in `handle_request'
puma (5.1.1) lib/puma/server.rb:431:in `process_client'
puma (5.1.1) lib/puma/thread_pool.rb:145:in `block in spawn_thread'
Started GET "/users/new" for ::1 at 2020-12-23 02:53:38 +0530
Processing by UsersController#new as HTML
  Rendering layout layouts/application.html.erb
  Rendering users/new.html.erb within layouts/application
  Rendered users/new.html.erb within layouts/application (Duration: 1.3ms | Allocations: 159)
[Webpacker] Everything's up-to-date. Nothing to do
  Rendered layout layouts/application.html.erb (Duration: 18.7ms | Allocations: 3261)
Completed 200 OK in 25ms (Views: 22.6ms | ActiveRecord: 0.0ms | Allocations: 4262)


Started POST "/users" for ::1 at 2020-12-23 02:53:47 +0530
  
AbstractController::ActionNotFound (The action 'create' could not be found for UsersController
Did you mean?  Create
               New):
  
actionpack (6.1.0) lib/abstract_controller/base.rb:160:in `process'
actionview (6.1.0) lib/action_view/rendering.rb:39:in `process'
actionpack (6.1.0) lib/action_controller/metal.rb:190:in `dispatch'
actionpack (6.1.0) lib/action_controller/metal.rb:254:in `dispatch'
actionpack (6.1.0) lib/action_dispatch/routing/route_set.rb:50:in `dispatch'
actionpack (6.1.0) lib/action_dispatch/routing/route_set.rb:33:in `serve'
actionpack (6.1.0) lib/action_dispatch/journey/router.rb:50:in `block in serve'
actionpack (6.1.0) lib/action_dispatch/journey/router.rb:32:in `each'
actionpack (6.1.0) lib/action_dispatch/journey/router.rb:32:in `serve'
actionpack (6.1.0) lib/action_dispatch/routing/route_set.rb:842:in `call'
rack (2.2.3) lib/rack/tempfile_reaper.rb:15:in `call'
rack (2.2.3) lib/rack/etag.rb:27:in `call'
rack (2.2.3) lib/rack/conditional_get.rb:40:in `call'
rack (2.2.3) lib/rack/head.rb:12:in `call'
actionpack (6.1.0) lib/action_dispatch/http/permissions_policy.rb:22:in `call'
actionpack (6.1.0) lib/action_dispatch/http/content_security_policy.rb:18:in `call'
rack (2.2.3) lib/rack/session/abstract/id.rb:266:in `context'
rack (2.2.3) lib/rack/session/abstract/id.rb:260:in `call'
actionpack (6.1.0) lib/action_dispatch/middleware/cookies.rb:689:in `call'
activerecord (6.1.0) lib/active_record/migration.rb:601:in `call'
actionpack (6.1.0) lib/action_dispatch/middleware/callbacks.rb:27:in `block in call'
activesupport (6.1.0) lib/active_support/callbacks.rb:98:in `run_callbacks'
actionpack (6.1.0) lib/action_dispatch/middleware/callbacks.rb:26:in `call'
actionpack (6.1.0) lib/action_dispatch/middleware/executor.rb:14:in `call'
actionpack (6.1.0) lib/action_dispatch/middleware/actionable_exceptions.rb:18:in `call'
actionpack (6.1.0) lib/action_dispatch/middleware/debug_exceptions.rb:29:in `call'
web-console (4.1.0) lib/web_console/middleware.rb:132:in `call_app'
web-console (4.1.0) lib/web_console/middleware.rb:28:in `block in call'
web-console (4.1.0) lib/web_console/middleware.rb:17:in `catch'
web-console (4.1.0) lib/web_console/middleware.rb:17:in `call'
actionpack (6.1.0) lib/action_dispatch/middleware/show_exceptions.rb:33:in `call'
railties (6.1.0) lib/rails/rack/logger.rb:37:in `call_app'
railties (6.1.0) lib/rails/rack/logger.rb:26:in `block in call'
activesupport (6.1.0) lib/active_support/tagged_logging.rb:99:in `block in tagged'
activesupport (6.1.0) lib/active_support/tagged_logging.rb:37:in `tagged'
activesupport (6.1.0) lib/active_support/tagged_logging.rb:99:in `tagged'
railties (6.1.0) lib/rails/rack/logger.rb:26:in `call'
sprockets-rails (3.2.2) lib/sprockets/rails/quiet_assets.rb:13:in `call'
actionpack (6.1.0) lib/action_dispatch/middleware/remote_ip.rb:81:in `call'
actionpack (6.1.0) lib/action_dispatch/middleware/request_id.rb:26:in `call'
rack (2.2.3) lib/rack/method_override.rb:24:in `call'
rack (2.2.3) lib/rack/runtime.rb:22:in `call'
activesupport (6.1.0) lib/active_support/cache/strategy/local_cache_middleware.rb:29:in `call'
actionpack (6.1.0) lib/action_dispatch/middleware/executor.rb:14:in `call'
actionpack (6.1.0) lib/action_dispatch/middleware/static.rb:24:in `call'
rack (2.2.3) lib/rack/sendfile.rb:110:in `call'
actionpack (6.1.0) lib/action_dispatch/middleware/host_authorization.rb:98:in `call'
rack-mini-profiler (2.2.0) lib/mini_profiler/profiler.rb:368:in `call'
webpacker (5.2.1) lib/webpacker/dev_server_proxy.rb:25:in `perform_request'
rack-proxy (0.6.5) lib/rack/proxy.rb:57:in `call'
railties (6.1.0) lib/rails/engine.rb:539:in `call'
puma (5.1.1) lib/puma/configuration.rb:246:in `call'
puma (5.1.1) lib/puma/request.rb:76:in `block in handle_request'
puma (5.1.1) lib/puma/thread_pool.rb:337:in `with_force_shutdown'
puma (5.1.1) lib/puma/request.rb:75:in `handle_request'
puma (5.1.1) lib/puma/server.rb:431:in `process_client'
puma (5.1.1) lib/puma/thread_pool.rb:145:in `block in spawn_thread'
Started GET "/users/new" for ::1 at 2020-12-23 02:53:49 +0530
Processing by UsersController#new as HTML
  Rendering layout layouts/application.html.erb
  Rendering users/new.html.erb within layouts/application
  Rendered users/new.html.erb within layouts/application (Duration: 0.5ms | Allocations: 55)
[Webpacker] Everything's up-to-date. Nothing to do
  Rendered layout layouts/application.html.erb (Duration: 11.9ms | Allocations: 2974)
Completed 200 OK in 17ms (Views: 12.9ms | ActiveRecord: 0.0ms | Allocations: 3350)


Started POST "/users" for ::1 at 2020-12-23 02:54:56 +0530
  
AbstractController::ActionNotFound (The action 'create' could not be found for UsersController
Did you mean?  Create
               New):
  
actionpack (6.1.0) lib/abstract_controller/base.rb:160:in `process'
actionview (6.1.0) lib/action_view/rendering.rb:39:in `process'
actionpack (6.1.0) lib/action_controller/metal.rb:190:in `dispatch'
actionpack (6.1.0) lib/action_controller/metal.rb:254:in `dispatch'
actionpack (6.1.0) lib/action_dispatch/routing/route_set.rb:50:in `dispatch'
actionpack (6.1.0) lib/action_dispatch/routing/route_set.rb:33:in `serve'
actionpack (6.1.0) lib/action_dispatch/journey/router.rb:50:in `block in serve'
actionpack (6.1.0) lib/action_dispatch/journey/router.rb:32:in `each'
actionpack (6.1.0) lib/action_dispatch/journey/router.rb:32:in `serve'
actionpack (6.1.0) lib/action_dispatch/routing/route_set.rb:842:in `call'
rack (2.2.3) lib/rack/tempfile_reaper.rb:15:in `call'
rack (2.2.3) lib/rack/etag.rb:27:in `call'
rack (2.2.3) lib/rack/conditional_get.rb:40:in `call'
rack (2.2.3) lib/rack/head.rb:12:in `call'
actionpack (6.1.0) lib/action_dispatch/http/permissions_policy.rb:22:in `call'
actionpack (6.1.0) lib/action_dispatch/http/content_security_policy.rb:18:in `call'
rack (2.2.3) lib/rack/session/abstract/id.rb:266:in `context'
rack (2.2.3) lib/rack/session/abstract/id.rb:260:in `call'
actionpack (6.1.0) lib/action_dispatch/middleware/cookies.rb:689:in `call'
activerecord (6.1.0) lib/active_record/migration.rb:601:in `call'
actionpack (6.1.0) lib/action_dispatch/middleware/callbacks.rb:27:in `block in call'
activesupport (6.1.0) lib/active_support/callbacks.rb:98:in `run_callbacks'
actionpack (6.1.0) lib/action_dispatch/middleware/callbacks.rb:26:in `call'
actionpack (6.1.0) lib/action_dispatch/middleware/executor.rb:14:in `call'
actionpack (6.1.0) lib/action_dispatch/middleware/actionable_exceptions.rb:18:in `call'
actionpack (6.1.0) lib/action_dispatch/middleware/debug_exceptions.rb:29:in `call'
web-console (4.1.0) lib/web_console/middleware.rb:132:in `call_app'
web-console (4.1.0) lib/web_console/middleware.rb:28:in `block in call'
web-console (4.1.0) lib/web_console/middleware.rb:17:in `catch'
web-console (4.1.0) lib/web_console/middleware.rb:17:in `call'
actionpack (6.1.0) lib/action_dispatch/middleware/show_exceptions.rb:33:in `call'
railties (6.1.0) lib/rails/rack/logger.rb:37:in `call_app'
railties (6.1.0) lib/rails/rack/logger.rb:26:in `block in call'
activesupport (6.1.0) lib/active_support/tagged_logging.rb:99:in `block in tagged'
activesupport (6.1.0) lib/active_support/tagged_logging.rb:37:in `tagged'
activesupport (6.1.0) lib/active_support/tagged_logging.rb:99:in `tagged'
railties (6.1.0) lib/rails/rack/logger.rb:26:in `call'
sprockets-rails (3.2.2) lib/sprockets/rails/quiet_assets.rb:13:in `call'
actionpack (6.1.0) lib/action_dispatch/middleware/remote_ip.rb:81:in `call'
actionpack (6.1.0) lib/action_dispatch/middleware/request_id.rb:26:in `call'
rack (2.2.3) lib/rack/method_override.rb:24:in `call'
rack (2.2.3) lib/rack/runtime.rb:22:in `call'
activesupport (6.1.0) lib/active_support/cache/strategy/local_cache_middleware.rb:29:in `call'
actionpack (6.1.0) lib/action_dispatch/middleware/executor.rb:14:in `call'
actionpack (6.1.0) lib/action_dispatch/middleware/static.rb:24:in `call'
rack (2.2.3) lib/rack/sendfile.rb:110:in `call'
actionpack (6.1.0) lib/action_dispatch/middleware/host_authorization.rb:98:in `call'
rack-mini-profiler (2.2.0) lib/mini_profiler/profiler.rb:368:in `call'
webpacker (5.2.1) lib/webpacker/dev_server_proxy.rb:25:in `perform_request'
rack-proxy (0.6.5) lib/rack/proxy.rb:57:in `call'
railties (6.1.0) lib/rails/engine.rb:539:in `call'
puma (5.1.1) lib/puma/configuration.rb:246:in `call'
puma (5.1.1) lib/puma/request.rb:76:in `block in handle_request'
puma (5.1.1) lib/puma/thread_pool.rb:337:in `with_force_shutdown'
puma (5.1.1) lib/puma/request.rb:75:in `handle_request'
puma (5.1.1) lib/puma/server.rb:431:in `process_client'
puma (5.1.1) lib/puma/thread_pool.rb:145:in `block in spawn_thread'
Started POST "/users" for ::1 at 2020-12-23 03:00:14 +0530
Processing by UsersController#create as HTML
  Parameters: {"authenticity_token"=>"[FILTERED]", "user"=>{"username"=>"kishna", "email"=>"simaba@gmail.com", "password"=>"[FILTERED]"}}
Completed 500 Internal Server Error in 27ms (Allocations: 1209)


  
SyntaxError (/home/imran/Re-former/app/models/user.rb:2: syntax error, unexpected '}', expecting =>
...nce: {'Must be given, please!'}
...                              ^
):
  
app/models/user.rb:2: syntax error, unexpected '}', expecting =>
app/models/user.rb:2: syntax error, unexpected '}', expecting =>
app/models/user.rb:2: syntax error, unexpected '}', expecting =>
app/controllers/users_controller.rb:7:in `create'
Started GET "/users/new" for ::1 at 2020-12-23 03:00:22 +0530
Processing by UsersController#new as HTML
  Rendering layout layouts/application.html.erb
  Rendering users/new.html.erb within layouts/application
  Rendered users/new.html.erb within layouts/application (Duration: 0.4ms | Allocations: 56)
[Webpacker] Everything's up-to-date. Nothing to do
  Rendered layout layouts/application.html.erb (Duration: 9.7ms | Allocations: 2987)
Completed 200 OK in 13ms (Views: 11.6ms | Allocations: 3479)


Started POST "/users" for ::1 at 2020-12-23 03:00:44 +0530
Processing by UsersController#create as HTML
  Parameters: {"authenticity_token"=>"[FILTERED]", "user"=>{"username"=>"kishna", "email"=>"simaba@gmail.com", "password"=>"[FILTERED]"}}
Completed 500 Internal Server Error in 7ms (Allocations: 2425)


  
NameError (uninitialized constant UsersController::User):
  
app/controllers/users_controller.rb:7:in `create'
Started POST "/users" for ::1 at 2020-12-23 03:05:48 +0530
Processing by UsersController#create as HTML
  Parameters: {"authenticity_token"=>"[FILTERED]", "user"=>{"username"=>"kishna", "email"=>"simaba@gmail.com", "password"=>"[FILTERED]"}}
Completed 500 Internal Server Error in 15ms (Allocations: 1185)


  
SyntaxError (/home/imran/Re-former/app/models/user.rb:2: syntax error, unexpected '}', expecting =>
...nce: {'Must be given, please!'}
...                              ^
):
  
app/models/user.rb:2: syntax error, unexpected '}', expecting =>
app/models/user.rb:2: syntax error, unexpected '}', expecting =>
app/models/user.rb:2: syntax error, unexpected '}', expecting =>
app/controllers/users_controller.rb:8:in `create'
Started GET "/users/new" for ::1 at 2020-12-23 03:07:40 +0530
Processing by UsersController#new as HTML
  Rendering layout layouts/application.html.erb
  Rendering users/new.html.erb within layouts/application
  Rendered users/new.html.erb within layouts/application (Duration: 0.3ms | Allocations: 56)
[Webpacker] Everything's up-to-date. Nothing to do
  Rendered layout layouts/application.html.erb (Duration: 5.6ms | Allocations: 2965)
Completed 200 OK in 8ms (Views: 6.7ms | Allocations: 3461)


Started GET "/users/new" for ::1 at 2020-12-23 03:07:41 +0530
Processing by UsersController#new as HTML
  Rendering layout layouts/application.html.erb
  Rendering users/new.html.erb within layouts/application
  Rendered users/new.html.erb within layouts/application (Duration: 0.7ms | Allocations: 55)
[Webpacker] Everything's up-to-date. Nothing to do
  Rendered layout layouts/application.html.erb (Duration: 22.0ms | Allocations: 2974)
Completed 200 OK in 25ms (Views: 23.2ms | Allocations: 3349)


Started POST "/users" for ::1 at 2020-12-23 03:07:51 +0530
Processing by UsersController#create as HTML
  Parameters: {"authenticity_token"=>"[FILTERED]", "user"=>{"username"=>"kishna", "email"=>"simaba@gmail.com", "password"=>"[FILTERED]"}}
Completed 500 Internal Server Error in 4ms (Allocations: 2418)


  
NameError (uninitialized constant UsersController::User):
  
app/controllers/users_controller.rb:10:in `create'
Started POST "/users" for ::1 at 2020-12-23 03:08:16 +0530
Processing by UsersController#create as HTML
  Parameters: {"authenticity_token"=>"[FILTERED]", "user"=>{"username"=>"kishna", "email"=>"simaba@gmail.com", "password"=>"[FILTERED]"}}
Completed 500 Internal Server Error in 5ms (Allocations: 1184)


  
SyntaxError (/home/imran/Re-former/app/models/user.rb:2: syntax error, unexpected '}', expecting =>
...nce: {'Must be given, please!'}
...                              ^
):
  
app/models/user.rb:2: syntax error, unexpected '}', expecting =>
app/models/user.rb:2: syntax error, unexpected '}', expecting =>
app/models/user.rb:2: syntax error, unexpected '}', expecting =>
app/controllers/users_controller.rb:8:in `create'
Started GET "/users/new" for ::1 at 2020-12-23 03:08:19 +0530
Processing by UsersController#new as HTML
  Rendering layout layouts/application.html.erb
  Rendering users/new.html.erb within layouts/application
  Rendered users/new.html.erb within layouts/application (Duration: 0.5ms | Allocations: 56)
[Webpacker] Everything's up-to-date. Nothing to do
  Rendered layout layouts/application.html.erb (Duration: 9.1ms | Allocations: 2986)
Completed 200 OK in 12ms (Views: 11.2ms | Allocations: 3476)


Started POST "/users" for ::1 at 2020-12-23 03:08:24 +0530
Processing by UsersController#create as HTML
  Parameters: {"authenticity_token"=>"[FILTERED]", "user"=>{"username"=>"kishna", "email"=>"simaba@gmail.com", "password"=>"[FILTERED]"}}
Completed 500 Internal Server Error in 4ms (Allocations: 2418)


  
NameError (uninitialized constant UsersController::User):
  
app/controllers/users_controller.rb:8:in `create'
Started GET "/users/new" for ::1 at 2020-12-23 03:17:11 +0530
Processing by UsersController#new as HTML
  Rendering layout layouts/application.html.erb
  Rendering users/new.html.erb within layouts/application
  Rendered users/new.html.erb within layouts/application (Duration: 0.7ms | Allocations: 56)
[Webpacker] Everything's up-to-date. Nothing to do
  Rendered layout layouts/application.html.erb (Duration: 10.5ms | Allocations: 2965)
Completed 200 OK in 14ms (Views: 12.6ms | Allocations: 3462)


Started GET "/users/new" for ::1 at 2020-12-23 03:17:13 +0530
Processing by UsersController#new as HTML
  Rendering layout layouts/application.html.erb
  Rendering users/new.html.erb within layouts/application
  Rendered users/new.html.erb within layouts/application (Duration: 0.3ms | Allocations: 55)
[Webpacker] Everything's up-to-date. Nothing to do
  Rendered layout layouts/application.html.erb (Duration: 6.9ms | Allocations: 2973)
Completed 200 OK in 9ms (Views: 7.7ms | Allocations: 3348)


Started POST "/users" for ::1 at 2020-12-23 03:17:20 +0530
Processing by UsersController#create as HTML
  Parameters: {"authenticity_token"=>"[FILTERED]", "user"=>{"username"=>"kishna", "email"=>"simaba@gmail.com", "password"=>"[FILTERED]"}}
Completed 500 Internal Server Error in 8ms (Allocations: 2418)


  
NameError (uninitialized constant UsersController::User):
  
app/controllers/users_controller.rb:8:in `create'
Started GET "/users/new" for ::1 at 2020-12-23 03:17:31 +0530
Processing by UsersController#new as HTML
  Rendering layout layouts/application.html.erb
  Rendering users/new.html.erb within layouts/application
  Rendered users/new.html.erb within layouts/application (Duration: 0.3ms | Allocations: 55)
[Webpacker] Everything's up-to-date. Nothing to do
  Rendered layout layouts/application.html.erb (Duration: 12.3ms | Allocations: 2983)
Completed 200 OK in 14ms (Views: 13.2ms | Allocations: 3359)


Started POST "/users" for ::1 at 2020-12-23 03:20:54 +0530
Processing by UsersController#create as HTML
  Parameters: {"authenticity_token"=>"[FILTERED]", "user"=>{"username"=>"kishna", "email"=>"simaba@gmail.com", "password"=>"[FILTERED]"}}
Completed 500 Internal Server Error in 5ms (Allocations: 2418)


  
NameError (uninitialized constant UsersController::User):
  
app/controllers/users_controller.rb:8:in `create'
Started GET "/users/new" for ::1 at 2020-12-23 03:20:58 +0530
Processing by UsersController#new as HTML
  Rendering layout layouts/application.html.erb
  Rendering users/new.html.erb within layouts/application
  Rendered users/new.html.erb within layouts/application (Duration: 0.3ms | Allocations: 55)
[Webpacker] Everything's up-to-date. Nothing to do
  Rendered layout layouts/application.html.erb (Duration: 8.2ms | Allocations: 2983)
Completed 200 OK in 10ms (Views: 9.2ms | Allocations: 3359)


Started GET "/users/new" for ::1 at 2020-12-23 03:27:06 +0530
Processing by UsersController#new as HTML
  Rendering layout layouts/application.html.erb
  Rendering users/new.html.erb within layouts/application
  Rendered users/new.html.erb within layouts/application (Duration: 5.3ms | Allocations: 542)
[Webpacker] Everything's up-to-date. Nothing to do
  Rendered layout layouts/application.html.erb (Duration: 17.4ms | Allocations: 3633)
Completed 200 OK in 23ms (Views: 19.9ms | Allocations: 4633)


Started GET "/users/new" for ::1 at 2020-12-23 03:29:19 +0530
Processing by UsersController#new as HTML
  Rendering layout layouts/application.html.erb
  Rendering users/new.html.erb within layouts/application
  Rendered users/new.html.erb within layouts/application (Duration: 12.6ms | Allocations: 1594)
  Rendered layout layouts/application.html.erb (Duration: 13.3ms | Allocations: 1658)
Completed 500 Internal Server Error in 19ms (Allocations: 2625)


  
ActionView::Template::Error (First argument in form cannot contain nil or be empty):
    28:   <%= submit_tag("Submit") %>
    29: <% end %>
    30: 
    31: <%= form_for @user, url: {action: "create"} do |f| %>
    32:   <%= f.label :username, 'username' %>
    33:   <%= f.text_field :username, placeholder: "Your Username"%>
    34:   <%= f.label :email, 'email' %>
  
app/views/users/new.html.erb:31
Started GET "/users/new" for ::1 at 2020-12-23 03:30:12 +0530
Processing by UsersController#new as HTML
  Rendering layout layouts/application.html.erb
  Rendering users/new.html.erb within layouts/application
  Rendered users/new.html.erb within layouts/application (Duration: 4.4ms | Allocations: 1592)
  Rendered layout layouts/application.html.erb (Duration: 4.9ms | Allocations: 1656)
Completed 500 Internal Server Error in 12ms (Allocations: 2628)


  
ActionView::Template::Error (First argument in form cannot contain nil or be empty):
    29: <% end %>
    30: 
    31: -->
    32: <%= form_for @user, url: {action: "create"} do |f| %>
    33:   <%= f.label :username, 'username' %>
    34:   <%= f.text_field :username, placeholder: "Your Username"%>
    35:   <%= f.label :email, 'email' %>
  
app/views/users/new.html.erb:32
Started GET "/users/new" for ::1 at 2020-12-23 03:30:15 +0530
Processing by UsersController#new as HTML
  Rendering layout layouts/application.html.erb
  Rendering users/new.html.erb within layouts/application
  Rendered users/new.html.erb within layouts/application (Duration: 2.1ms | Allocations: 1185)
  Rendered layout layouts/application.html.erb (Duration: 2.4ms | Allocations: 1249)
Completed 500 Internal Server Error in 4ms (Allocations: 1597)


  
ActionView::Template::Error (First argument in form cannot contain nil or be empty):
    29: <% end %>
    30: 
    31: -->
    32: <%= form_for @user, url: {action: "create"} do |f| %>
    33:   <%= f.label :username, 'username' %>
    34:   <%= f.text_field :username, placeholder: "Your Username"%>
    35:   <%= f.label :email, 'email' %>
  
app/views/users/new.html.erb:32
Started GET "/users/new" for ::1 at 2020-12-23 03:35:48 +0530
  [1m[35m (1.3ms)[0m  [1m[34mSELECT sqlite_version(*)[0m
  [1m[35m (0.4ms)[0m  [1m[34mSELECT "schema_migrations"."version" FROM "schema_migrations" ORDER BY "schema_migrations"."version" ASC[0m
Processing by UsersController#new as HTML
  Rendering layout layouts/application.html.erb
  Rendering users/new.html.erb within layouts/application
  Rendered users/new.html.erb within layouts/application (Duration: 6.8ms | Allocations: 2048)
  Rendered layout layouts/application.html.erb (Duration: 7.2ms | Allocations: 2117)
Completed 500 Internal Server Error in 29ms (ActiveRecord: 0.0ms | Allocations: 4395)


  
ActionView::Template::Error (First argument in form cannot contain nil or be empty):
    29: <% end %>
    30: 
    31: -->
    32: <%= form_for @user, url: {action: "create"} do |f| %>
    33:   <%= f.label :username, 'username' %>
    34:   <%= f.text_field :username, placeholder: "Your Username"%>
    35:   <%= f.label :email, 'email' %>
  
app/views/users/new.html.erb:32
Started GET "/users/new" for ::1 at 2020-12-23 03:41:32 +0530
Processing by UsersController#new as HTML
  Rendering layout layouts/application.html.erb
  Rendering users/new.html.erb within layouts/application
  Rendered users/new.html.erb within layouts/application (Duration: 5.6ms | Allocations: 1780)
  Rendered layout layouts/application.html.erb (Duration: 6.5ms | Allocations: 1845)
Completed 500 Internal Server Error in 13ms (Allocations: 2903)


  
ActionView::Template::Error (First argument in form cannot contain nil or be empty):
    29: <% end %>
    30: 
    31: -->
    32: <%= form_for @user, url: {action: "create"} do |f| %>
    33:   <%= f.label :username, 'username' %>
    34:   <%= f.text_field :username, placeholder: "Your Username"%>
    35:   <%= f.label :email, 'email' %>
  
app/views/users/new.html.erb:32
Started GET "/users/new" for ::1 at 2020-12-23 03:41:34 +0530
Processing by UsersController#new as HTML
  Rendering layout layouts/application.html.erb
  Rendering users/new.html.erb within layouts/application
  Rendered users/new.html.erb within layouts/application (Duration: 3.7ms | Allocations: 1185)
  Rendered layout layouts/application.html.erb (Duration: 5.2ms | Allocations: 1250)
Completed 500 Internal Server Error in 9ms (Allocations: 1600)


  
ActionView::Template::Error (First argument in form cannot contain nil or be empty):
    29: <% end %>
    30: 
    31: -->
    32: <%= form_for @user, url: {action: "create"} do |f| %>
    33:   <%= f.label :username, 'username' %>
    34:   <%= f.text_field :username, placeholder: "Your Username"%>
    35:   <%= f.label :email, 'email' %>
  
app/views/users/new.html.erb:32
